TN:
SF:/Users/cliffano/dev/workspace/bagofholding/lib/bagofholding.js
FNF:0
FNH:0
DA:1,1
DA:6,1
DA:7,1
DA:8,1
DA:9,1
LF:5
LH:5
BRF:0
BRH:0
end_of_record
TN:
SF:/Users/cliffano/dev/workspace/bagofholding/lib/cli.js
FN:21,command
FN:30,(anonymous_2)
FN:40,(anonymous_3)
FN:45,(anonymous_4)
FN:50,(anonymous_5)
FN:70,exec
FN:72,(anonymous_7)
FN:97,exit
FN:114,exitCb
FN:117,(anonymous_10)
FN:123,(anonymous_11)
FN:128,(anonymous_12)
FN:150,lookupFile
FN:154,(anonymous_14)
FN:183,spawn
FN:187,(anonymous_16)
FN:191,(anonymous_17)
FN:195,(anonymous_18)
FNF:18
FNH:14
FNDA:3,command
FNDA:3,(anonymous_2)
FNDA:1,(anonymous_3)
FNDA:6,(anonymous_4)
FNDA:3,(anonymous_5)
FNDA:3,exec
FNDA:0,(anonymous_7)
FNDA:2,exit
FNDA:4,exitCb
FNDA:1,(anonymous_10)
FNDA:1,(anonymous_11)
FNDA:4,(anonymous_12)
FNDA:2,lookupFile
FNDA:4,(anonymous_14)
FNDA:3,spawn
FNDA:0,(anonymous_16)
FNDA:0,(anonymous_17)
FNDA:0,(anonymous_18)
DA:1,1
DA:21,1
DA:23,3
DA:24,3
DA:26,3
DA:29,3
DA:30,1
DA:31,3
DA:32,2
DA:37,3
DA:39,3
DA:40,1
DA:41,1
DA:45,3
DA:46,6
DA:50,6
DA:51,3
DA:54,6
DA:57,3
DA:70,1
DA:72,3
DA:73,0
DA:74,0
DA:75,0
DA:77,0
DA:79,0
DA:82,0
DA:83,0
DA:97,1
DA:98,2
DA:99,1
DA:100,1
DA:102,1
DA:114,1
DA:116,4
DA:117,3
DA:118,1
DA:122,4
DA:123,3
DA:124,1
DA:128,4
DA:129,4
DA:130,2
DA:131,1
DA:133,2
DA:134,1
DA:150,1
DA:151,2
DA:155,4
DA:158,2
DA:159,2
DA:160,2
DA:161,2
DA:166,2
DA:167,2
DA:169,0
DA:183,1
DA:185,3
DA:187,3
DA:188,0
DA:191,2
DA:192,0
DA:195,2
DA:196,0
DA:200,1
DA:201,1
DA:202,1
DA:203,1
DA:204,1
DA:205,1
LF:70
LH:59
BRDA:23,1,0,3
BRDA:23,1,1,2
BRDA:24,2,0,3
BRDA:24,2,1,2
BRDA:26,3,0,3
BRDA:26,3,1,2
BRDA:29,4,0,1
BRDA:29,4,1,2
BRDA:29,5,0,3
BRDA:29,5,1,1
BRDA:31,6,0,2
BRDA:31,6,1,1
BRDA:39,7,0,1
BRDA:39,7,1,2
BRDA:73,8,0,0
BRDA:73,8,1,0
BRDA:75,9,0,0
BRDA:75,9,1,0
BRDA:98,10,0,1
BRDA:98,10,1,1
BRDA:116,11,0,3
BRDA:116,11,1,1
BRDA:122,12,0,3
BRDA:122,12,1,1
BRDA:129,13,0,2
BRDA:129,13,1,2
BRDA:152,14,0,1
BRDA:152,14,1,1
BRDA:153,15,0,0
BRDA:153,15,1,2
BRDA:155,16,0,2
BRDA:155,16,1,2
BRDA:166,17,0,2
BRDA:166,17,1,0
BRDA:196,18,0,0
BRDA:196,18,1,0
BRF:36
BRH:28
end_of_record
TN:
SF:/Users/cliffano/dev/workspace/bagofholding/lib/http.js
FN:24,req
FN:32,_proxyIgnored
FN:52,(anonymous_3)
FN:60,(anonymous_4)
FN:66,_wildcardMatch
FN:68,(anonymous_6)
FN:77,_requestMethod
FN:85,(anonymous_8)
FN:111,proxy
FNF:9
FNH:9
FNDA:15,req
FNDA:15,_proxyIgnored
FNDA:75,(anonymous_3)
FNDA:1,(anonymous_4)
FNDA:3,_wildcardMatch
FNDA:6,(anonymous_6)
FNDA:15,_requestMethod
FNDA:3,(anonymous_8)
FNDA:33,proxy
DA:2,1
DA:24,1
DA:25,15
DA:27,15
DA:29,15
DA:32,1
DA:33,15
DA:34,15
DA:38,15
DA:39,13
DA:40,5
DA:41,8
DA:42,2
DA:47,15
DA:48,5
DA:52,15
DA:53,75
DA:54,2
DA:59,15
DA:60,1
DA:61,1
DA:66,1
DA:67,3
DA:68,3
DA:69,6
DA:70,6
DA:71,3
DA:74,3
DA:77,1
DA:78,15
DA:79,15
DA:80,1
DA:82,15
DA:85,15
DA:86,3
DA:87,0
DA:89,3
DA:90,3
DA:91,1
DA:92,2
DA:93,2
DA:95,0
DA:111,1
DA:112,33
DA:114,33
DA:115,7
DA:117,26
DA:118,3
DA:121,26
DA:122,4
DA:124,22
DA:128,33
DA:131,1
DA:132,1
LF:54
LH:52
BRDA:25,1,0,15
BRDA:25,1,1,5
BRDA:29,2,0,15
BRDA:29,2,1,14
BRDA:34,3,0,15
BRDA:34,3,1,14
BRDA:38,4,0,13
BRDA:38,4,1,2
BRDA:39,5,0,5
BRDA:39,5,1,8
BRDA:41,6,0,2
BRDA:41,6,1,6
BRDA:47,7,0,5
BRDA:47,7,1,10
BRDA:53,8,0,2
BRDA:53,8,1,73
BRDA:59,9,0,1
BRDA:59,9,1,14
BRDA:70,10,0,3
BRDA:70,10,1,3
BRDA:70,11,0,6
BRDA:70,11,1,5
BRDA:79,12,0,1
BRDA:79,12,1,14
BRDA:86,13,0,0
BRDA:86,13,1,3
BRDA:90,14,0,1
BRDA:90,14,1,2
BRDA:92,15,0,2
BRDA:92,15,1,0
BRDA:114,16,0,7
BRDA:114,16,1,26
BRDA:115,17,0,7
BRDA:115,17,1,5
BRDA:115,17,2,4
BRDA:115,17,3,3
BRDA:117,18,0,3
BRDA:117,18,1,23
BRDA:121,19,0,4
BRDA:121,19,1,22
BRDA:122,20,0,4
BRDA:122,20,1,3
BRDA:122,20,2,2
BRDA:122,20,3,1
BRF:44
BRH:42
end_of_record
TN:
SF:/Users/cliffano/dev/workspace/bagofholding/lib/obj.js
FN:8,exist
FN:20,value
FNF:2
FNH:2
FNDA:7,exist
FNDA:15,value
DA:8,1
DA:10,7
DA:20,1
DA:22,15
DA:23,15
DA:25,15
DA:28,15
DA:29,22
DA:30,22
DA:31,10
DA:35,15
DA:38,1
DA:39,1
LF:13
LH:13
BRDA:22,1,0,15
BRDA:22,1,1,4
BRDA:23,2,0,15
BRDA:23,2,1,2
BRDA:29,3,0,7
BRDA:29,3,1,15
BRDA:30,4,0,10
BRDA:30,4,1,12
BRF:8
BRH:8
end_of_record
TN:
SF:/Users/cliffano/dev/workspace/bagofholding/lib/text.js
FN:13,applyPrecompiled
FN:21,(anonymous_2)
FN:22,(anonymous_3)
FN:23,(anonymous_4)
FN:28,(anonymous_5)
FN:43,compile
FN:57,apply
FNF:7
FNH:7
FNDA:9,applyPrecompiled
FNDA:18,(anonymous_2)
FNDA:9,(anonymous_3)
FNDA:9,(anonymous_4)
FNDA:9,(anonymous_5)
FNDA:7,compile
FNDA:6,apply
DA:1,1
DA:13,1
DA:15,9
DA:17,9
DA:20,9
DA:21,18
DA:23,9
DA:24,9
DA:26,9
DA:32,9
DA:43,1
DA:45,7
DA:57,1
DA:59,6
DA:61,6
DA:64,1
DA:65,1
DA:66,1
LF:18
LH:18
BRDA:15,1,0,9
BRDA:15,1,1,3
BRDA:59,2,0,6
BRDA:59,2,1,1
BRF:4
BRH:4
end_of_record
